2025-04-08 09:52:57,397 | App1_Transcript_Builder | ERROR | Error in App1_Transcript_Builder
Error Type: ValueError
Error Message: Missing Supabase credentials. Ensure SUPABASE_URL and SUPABASE_KEY are set in your environment or .env file.
Traceback:
Traceback (most recent call last):
  File "C:\Users\digit\CascadeProjects\self-cast-studio-app-1\transcript_builder.py", line 157, in main
    supabase_writer = SupabaseWriter(str(output_dir))
  File "C:\Users\digit\CascadeProjects\self-cast-studio-app-1\utils\supabase_writer.py", line 38, in __init__
    raise ValueError(
ValueError: Missing Supabase credentials. Ensure SUPABASE_URL and SUPABASE_KEY are set in your environment or .env file.

2025-04-08 09:52:58,104 | workflow_logger | ERROR | Failed to log error to workflow_logs: {}
2025-04-08 11:43:04,032 | App1_Transcript_Builder | ERROR | Error in App1_Transcript_Builder
Error Type: KeyError
Error Message: 'text'
Traceback:
Traceback (most recent call last):
  File "C:\Users\digit\CascadeProjects\self-cast-studio-app-1\transcript_builder.py", line 135, in main
    question_texts = [q["text"] for q in questions]
  File "C:\Users\digit\CascadeProjects\self-cast-studio-app-1\transcript_builder.py", line 135, in <listcomp>
    question_texts = [q["text"] for q in questions]
KeyError: 'text'

2025-04-08 11:43:04,768 | workflow_logger | ERROR | Failed to log error to workflow_logs: {}
2025-04-08 12:37:47,202 | Transcript Builder | ERROR | Error in Transcript Builder
Error Type: KeyError
Error Message: 'start'
Traceback:
Traceback (most recent call last):
  File "C:\Users\digit\CascadeProjects\self-cast-studio-app-1\transcript_builder.py", line 157, in main
    file_writer.write_transcript_chunks(chunks)
    ~~~~~~~~~~~~~~~~~~~~~~~~~~~~~~~~~~~^^^^^^^^
  File "C:\Users\digit\CascadeProjects\self-cast-studio-app-1\utils\file_writer.py", line 69, in write_transcript_chunks
    start_time = self.format_timestamp(chunk_data["start"])
                                       ~~~~~~~~~~^^^^^^^^^
KeyError: 'start'

2025-04-08 12:37:47,204 | workflow_logger | ERROR | Failed to log error to workflow_logs: Supabase credentials not found
2025-04-08 13:54:08,066 | workflow_logger | ERROR | Failed to log error to workflow_logs: Supabase credentials not found
2025-04-08 13:55:04,623 | Transcript Builder | ERROR | Error in Transcript Builder
Error Type: AttributeError
Error Message: 'TranscriptSegment' object has no attribute 'get'
Traceback:
Traceback (most recent call last):
  File "C:\Users\digit\CascadeProjects\self-cast-studio-app-1\transcript_builder.py", line 140, in main
    chunks = process_vtt_mode(str(input_path), str(vtt_path), str(output_dir))
  File "C:\Users\digit\CascadeProjects\self-cast-studio-app-1\transcript_builder.py", line 43, in process_vtt_mode
    processed_chunks = video_cutter.process_chunks(segments)
  File "C:\Users\digit\CascadeProjects\self-cast-studio-app-1\utils\video_cutter.py", line 73, in process_chunks
    start_time, end_time = self._get_chunk_timing(chunk)
                           ~~~~~~~~~~~~~~~~~~~~~~^^^^^^^
  File "C:\Users\digit\CascadeProjects\self-cast-studio-app-1\utils\video_cutter.py", line 63, in _get_chunk_timing
    start_time = chunk.get("start_time") or chunk.get("start", 0.0)
                 ^^^^^^^^^
AttributeError: 'TranscriptSegment' object has no attribute 'get'

2025-04-08 13:55:04,625 | workflow_logger | ERROR | Failed to log error to workflow_logs: Supabase credentials not found
2025-04-08 14:01:53,033 | Transcript Builder | ERROR | Error in Transcript Builder
Error Type: KeyError
Error Message: 'start'
Traceback:
Traceback (most recent call last):
  File "C:\Users\digit\CascadeProjects\self-cast-studio-app-1\transcript_builder.py", line 140, in main
    chunks = process_vtt_mode(str(input_path), str(vtt_path), str(output_dir))
  File "C:\Users\digit\CascadeProjects\self-cast-studio-app-1\transcript_builder.py", line 48, in process_vtt_mode
    file_writer.write_transcript_chunks(processed_chunks)
    ~~~~~~~~~~~~~~~~~~~~~~~~~~~~~~~~~~~^^^^^^^^^^^^^^^^^^
  File "C:\Users\digit\CascadeProjects\self-cast-studio-app-1\utils\file_writer.py", line 69, in write_transcript_chunks
    start_time = self.format_timestamp(chunk_data["start"])
                                       ~~~~~~~~~~^^^^^^^^^
KeyError: 'start'

2025-04-08 14:01:53,034 | workflow_logger | ERROR | Failed to log error to workflow_logs: Supabase credentials not found
2025-04-08 14:17:40,100 | Transcript Builder | ERROR | Error in Transcript Builder
Error Type: KeyError
Error Message: 'start'
Traceback:
Traceback (most recent call last):
  File "C:\Users\digit\CascadeProjects\self-cast-studio-app-1\transcript_builder.py", line 140, in main
    chunks = process_vtt_mode(str(input_path), str(vtt_path), str(output_dir))
  File "C:\Users\digit\CascadeProjects\self-cast-studio-app-1\transcript_builder.py", line 48, in process_vtt_mode
    file_writer.write_transcript_chunks(processed_chunks)
    ~~~~~~~~~~~~~~~~~~~~~~~~~~~~~~~~~~~^^^^^^^^^^^^^^^^^^
  File "C:\Users\digit\CascadeProjects\self-cast-studio-app-1\utils\file_writer.py", line 69, in write_transcript_chunks
    start_time = self.format_timestamp(chunk_data["start"])
                                       ~~~~~~~~~~^^^^^^^^^
KeyError: 'start'

2025-04-08 14:17:40,101 | workflow_logger | ERROR | Failed to log error to workflow_logs: Supabase credentials not found
2025-04-08 14:19:55,670 | Transcript Builder | ERROR | Error in Transcript Builder
Error Type: KeyError
Error Message: 'start'
Traceback:
Traceback (most recent call last):
  File "C:\Users\digit\CascadeProjects\self-cast-studio-app-1\transcript_builder.py", line 140, in main
    chunks = process_vtt_mode(str(input_path), str(vtt_path), str(output_dir))
  File "C:\Users\digit\CascadeProjects\self-cast-studio-app-1\transcript_builder.py", line 48, in process_vtt_mode
    file_writer.write_transcript_chunks(processed_chunks)
    ~~~~~~~~~~~~~~~~~~~~~~~~~~~~~~~~~~~^^^^^^^^^^^^^^^^^^
  File "C:\Users\digit\CascadeProjects\self-cast-studio-app-1\utils\file_writer.py", line 69, in write_transcript_chunks
    start_time = self.format_timestamp(chunk_data["start"])
                                       ~~~~~~~~~~^^^^^^^^^
KeyError: 'start'

2025-04-08 14:19:55,671 | workflow_logger | ERROR | Failed to log error to workflow_logs: Supabase credentials not found
2025-04-10 17:41:54,969 | Transcript Builder | ERROR | Error in Transcript Builder
Error Type: AttributeError
Error Message: 'function' object has no attribute 'from_'
Traceback:
Traceback (most recent call last):
  File "C:\Users\digit\CascadeProjects\self-cast-studio-app-1\transcript_builder.py", line 215, in main
    chunks = process_vtt_mode(str(input_path), str(vtt_path), str(output_dir), args.category)
  File "C:\Users\digit\CascadeProjects\self-cast-studio-app-1\transcript_builder.py", line 87, in process_vtt_mode
    upload_file_to_supabase(
  File "C:\Users\digit\CascadeProjects\self-cast-studio-app-1\utils\supabase_upload.py", line 42, in upload_file_to_supabase
    result = supabase.storage.from_(bucket).upload(
AttributeError: 'function' object has no attribute 'from_'

2025-04-10 17:41:55,220 | workflow_logger | ERROR | Failed to log error to workflow_logs: {}
2025-04-10 17:42:33,667 | Transcript Builder | ERROR | Error in Transcript Builder
Error Type: AttributeError
Error Message: 'function' object has no attribute 'from_'
Traceback:
Traceback (most recent call last):
  File "C:\Users\digit\CascadeProjects\self-cast-studio-app-1\transcript_builder.py", line 215, in main
    chunks = process_vtt_mode(str(input_path), str(vtt_path), str(output_dir), args.category)
  File "C:\Users\digit\CascadeProjects\self-cast-studio-app-1\transcript_builder.py", line 87, in process_vtt_mode
    upload_file_to_supabase(
  File "C:\Users\digit\CascadeProjects\self-cast-studio-app-1\utils\supabase_upload.py", line 42, in upload_file_to_supabase
    result = supabase.storage.from_(bucket).upload(
AttributeError: 'function' object has no attribute 'from_'

2025-04-10 17:42:33,826 | workflow_logger | ERROR | Failed to log error to workflow_logs: {}
2025-04-10 17:43:09,666 | Transcript Builder | ERROR | Error in Transcript Builder
Error Type: AttributeError
Error Message: 'function' object has no attribute 'bucket'
Traceback:
Traceback (most recent call last):
  File "C:\Users\digit\CascadeProjects\self-cast-studio-app-1\transcript_builder.py", line 215, in main
    chunks = process_vtt_mode(str(input_path), str(vtt_path), str(output_dir), args.category)
  File "C:\Users\digit\CascadeProjects\self-cast-studio-app-1\transcript_builder.py", line 87, in process_vtt_mode
    upload_file_to_supabase(
  File "C:\Users\digit\CascadeProjects\self-cast-studio-app-1\utils\supabase_upload.py", line 42, in upload_file_to_supabase
    bucket_client = supabase.storage.bucket(bucket)
AttributeError: 'function' object has no attribute 'bucket'

2025-04-10 17:43:09,887 | workflow_logger | ERROR | Failed to log error to workflow_logs: {}
2025-04-10 17:44:29,976 | Transcript Builder | ERROR | Error in Transcript Builder
Error Type: TypeError
Error Message: Header value must be str or bytes, not <class 'bool'>
Traceback:
Traceback (most recent call last):
  File "C:\Users\digit\CascadeProjects\self-cast-studio-app-1\transcript_builder.py", line 215, in main
    chunks = process_vtt_mode(str(input_path), str(vtt_path), str(output_dir), args.category)
  File "C:\Users\digit\CascadeProjects\self-cast-studio-app-1\transcript_builder.py", line 87, in process_vtt_mode
    upload_file_to_supabase(
  File "C:\Users\digit\CascadeProjects\self-cast-studio-app-1\utils\supabase_upload.py", line 49, in upload_file_to_supabase
    result = supabase.storage.from_(bucket).upload(
  File "C:\Users\digit\AppData\Local\Programs\Python\Python310\lib\site-packages\storage3\_sync\file_api.py", line 535, in upload
    return self._upload_or_update("POST", path, file, file_options)
  File "C:\Users\digit\AppData\Local\Programs\Python\Python310\lib\site-packages\storage3\_sync\file_api.py", line 508, in _upload_or_update
    response = self._request(
  File "C:\Users\digit\AppData\Local\Programs\Python\Python310\lib\site-packages\storage3\_sync\file_api.py", line 50, in _request
    response = self._client.request(
  File "C:\Users\digit\AppData\Local\Programs\Python\Python310\lib\site-packages\httpx\_client.py", line 812, in request
    request = self.build_request(
  File "C:\Users\digit\AppData\Local\Programs\Python\Python310\lib\site-packages\httpx\_client.py", line 367, in build_request
    headers = self._merge_headers(headers)
  File "C:\Users\digit\AppData\Local\Programs\Python\Python310\lib\site-packages\httpx\_client.py", line 430, in _merge_headers
    merged_headers.update(headers)
  File "C:\Users\digit\AppData\Local\Programs\Python\Python310\lib\site-packages\httpx\_models.py", line 275, in update
    headers = Headers(headers)
  File "C:\Users\digit\AppData\Local\Programs\Python\Python310\lib\site-packages\httpx\_models.py", line 156, in __init__
    bytes_value = _normalize_header_value(v, encoding)
  File "C:\Users\digit\AppData\Local\Programs\Python\Python310\lib\site-packages\httpx\_models.py", line 81, in _normalize_header_value
    raise TypeError(f"Header value must be str or bytes, not {type(value)}")
TypeError: Header value must be str or bytes, not <class 'bool'>

2025-04-10 17:44:30,169 | workflow_logger | ERROR | Failed to log error to workflow_logs: {}
2025-04-10 17:45:02,332 | Transcript Builder | ERROR | Error in Transcript Builder
Error Type: APIError
Error Message: {'code': 'PGRST204', 'details': None, 'hint': None, 'message': "Could not find the 'transcript_id' column of 'transcript_files' in the schema cache"}
Traceback:
Traceback (most recent call last):
  File "C:\Users\digit\CascadeProjects\self-cast-studio-app-1\transcript_builder.py", line 215, in main
    chunks = process_vtt_mode(str(input_path), str(vtt_path), str(output_dir), args.category)
  File "C:\Users\digit\CascadeProjects\self-cast-studio-app-1\transcript_builder.py", line 87, in process_vtt_mode
    upload_file_to_supabase(
  File "C:\Users\digit\CascadeProjects\self-cast-studio-app-1\utils\supabase_upload.py", line 68, in upload_file_to_supabase
    result = supabase.table("transcript_files").insert(data).execute()
  File "C:\Users\digit\AppData\Local\Programs\Python\Python310\lib\site-packages\postgrest\_sync\request_builder.py", line 78, in execute
    raise APIError(r.json())
postgrest.exceptions.APIError: {'code': 'PGRST204', 'details': None, 'hint': None, 'message': "Could not find the 'transcript_id' column of 'transcript_files' in the schema cache"}

2025-04-10 17:45:02,514 | workflow_logger | ERROR | Failed to log error to workflow_logs: {}
2025-04-10 17:45:50,860 | Transcript Builder | ERROR | Error in Transcript Builder
Error Type: APIError
Error Message: {'code': 'PGRST204', 'details': None, 'hint': None, 'message': "Could not find the 'transcript_id' column of 'transcript_files' in the schema cache"}
Traceback:
Traceback (most recent call last):
  File "C:\Users\digit\CascadeProjects\self-cast-studio-app-1\transcript_builder.py", line 215, in main
    chunks = process_vtt_mode(str(input_path), str(vtt_path), str(output_dir), args.category)
  File "C:\Users\digit\CascadeProjects\self-cast-studio-app-1\transcript_builder.py", line 87, in process_vtt_mode
    upload_file_to_supabase(
  File "C:\Users\digit\CascadeProjects\self-cast-studio-app-1\utils\supabase_upload.py", line 68, in upload_file_to_supabase
    result = supabase.table("transcript_files").insert(data).execute()
  File "C:\Users\digit\AppData\Local\Programs\Python\Python310\lib\site-packages\postgrest\_sync\request_builder.py", line 78, in execute
    raise APIError(r.json())
postgrest.exceptions.APIError: {'code': 'PGRST204', 'details': None, 'hint': None, 'message': "Could not find the 'transcript_id' column of 'transcript_files' in the schema cache"}

2025-04-10 17:45:51,033 | workflow_logger | ERROR | Failed to log error to workflow_logs: {}
2025-04-10 17:46:18,916 | Transcript Builder | ERROR | Error in Transcript Builder
Error Type: APIError
Error Message: {'code': 'PGRST204', 'details': None, 'hint': None, 'message': "Could not find the 'transcript_id' column of 'transcript_files' in the schema cache"}
Traceback:
Traceback (most recent call last):
  File "C:\Users\digit\CascadeProjects\self-cast-studio-app-1\transcript_builder.py", line 215, in main
    chunks = process_vtt_mode(str(input_path), str(vtt_path), str(output_dir), args.category)
  File "C:\Users\digit\CascadeProjects\self-cast-studio-app-1\transcript_builder.py", line 87, in process_vtt_mode
    upload_file_to_supabase(
  File "C:\Users\digit\CascadeProjects\self-cast-studio-app-1\utils\supabase_upload.py", line 69, in upload_file_to_supabase
    result = supabase.table("transcript_files").insert(data).execute()
  File "C:\Users\digit\AppData\Local\Programs\Python\Python310\lib\site-packages\postgrest\_sync\request_builder.py", line 78, in execute
    raise APIError(r.json())
postgrest.exceptions.APIError: {'code': 'PGRST204', 'details': None, 'hint': None, 'message': "Could not find the 'transcript_id' column of 'transcript_files' in the schema cache"}

2025-04-10 17:46:19,115 | workflow_logger | ERROR | Failed to log error to workflow_logs: {}
2025-04-11 13:28:15,072 | Transcript Builder | ERROR | Error in Transcript Builder
Error Type: str
Error Message: VTT processing failed: VTTParser.__init__() missing 1 required positional argument: 'output_dir'
Traceback:
Traceback (most recent call last):
  File "C:\Users\digit\CascadeProjects\self-cast-studio-app-1\transcript_builder.py", line 52, in process_vtt_mode
    parser = VTTParser(vtt_path)
TypeError: VTTParser.__init__() missing 1 required positional argument: 'output_dir'

2025-04-11 13:28:15,087 | workflow_logger | ERROR | Failed to log error to workflow_logs: Client.__init__() got an unexpected keyword argument 'proxy'
2025-04-11 13:28:15,088 | Transcript Builder | ERROR | Error in Transcript Builder
Error Type: str
Error Message: Processing failed: VTTParser.__init__() missing 1 required positional argument: 'output_dir'
Traceback:
Traceback (most recent call last):
  File "C:\Users\digit\CascadeProjects\self-cast-studio-app-1\transcript_builder.py", line 193, in main
    chunks = process_vtt_mode(str(mp4_path), str(vtt_path), str(output_dir), args.category, str(m4a_path) if m4a_path else None)
  File "C:\Users\digit\CascadeProjects\self-cast-studio-app-1\transcript_builder.py", line 52, in process_vtt_mode
    parser = VTTParser(vtt_path)
TypeError: VTTParser.__init__() missing 1 required positional argument: 'output_dir'

2025-04-11 13:28:15,088 | Transcript Builder | ERROR | Error in Transcript Builder
Error Type: str
Error Message: Processing failed: VTTParser.__init__() missing 1 required positional argument: 'output_dir'
Traceback:
Traceback (most recent call last):
  File "C:\Users\digit\CascadeProjects\self-cast-studio-app-1\transcript_builder.py", line 193, in main
    chunks = process_vtt_mode(str(mp4_path), str(vtt_path), str(output_dir), args.category, str(m4a_path) if m4a_path else None)
  File "C:\Users\digit\CascadeProjects\self-cast-studio-app-1\transcript_builder.py", line 52, in process_vtt_mode
    parser = VTTParser(vtt_path)
TypeError: VTTParser.__init__() missing 1 required positional argument: 'output_dir'

2025-04-11 13:28:15,102 | workflow_logger | ERROR | Failed to log error to workflow_logs: Client.__init__() got an unexpected keyword argument 'proxy'
2025-04-11 13:28:15,102 | workflow_logger | ERROR | Failed to log error to workflow_logs: Client.__init__() got an unexpected keyword argument 'proxy'
2025-04-11 13:29:13,581 | Transcript Builder | ERROR | Error in Transcript Builder
Error Type: str
Error Message: VTT processing failed: unsupported operand type(s) for /: 'str' and 'str'
Traceback:
Traceback (most recent call last):
  File "C:\Users\digit\CascadeProjects\self-cast-studio-app-1\transcript_builder.py", line 52, in process_vtt_mode
    parser = VTTParser(vtt_path, output_dir)
  File "C:\Users\digit\CascadeProjects\self-cast-studio-app-1\utils\vtt_parser.py", line 22, in __init__
    self.error_handler = ErrorHandler(output_dir)
  File "C:\Users\digit\CascadeProjects\self-cast-studio-app-1\utils\error_handler.py", line 27, in __init__
    self.log_file = output_dir / "errors.log"
TypeError: unsupported operand type(s) for /: 'str' and 'str'

2025-04-11 13:29:13,595 | workflow_logger | ERROR | Failed to log error to workflow_logs: Client.__init__() got an unexpected keyword argument 'proxy'
2025-04-11 13:29:13,596 | Transcript Builder | ERROR | Error in Transcript Builder
Error Type: str
Error Message: Processing failed: unsupported operand type(s) for /: 'str' and 'str'
Traceback:
Traceback (most recent call last):
  File "C:\Users\digit\CascadeProjects\self-cast-studio-app-1\transcript_builder.py", line 193, in main
    chunks = process_vtt_mode(str(mp4_path), str(vtt_path), str(output_dir), args.category, str(m4a_path) if m4a_path else None)
  File "C:\Users\digit\CascadeProjects\self-cast-studio-app-1\transcript_builder.py", line 52, in process_vtt_mode
    parser = VTTParser(vtt_path, output_dir)
  File "C:\Users\digit\CascadeProjects\self-cast-studio-app-1\utils\vtt_parser.py", line 22, in __init__
    self.error_handler = ErrorHandler(output_dir)
  File "C:\Users\digit\CascadeProjects\self-cast-studio-app-1\utils\error_handler.py", line 27, in __init__
    self.log_file = output_dir / "errors.log"
TypeError: unsupported operand type(s) for /: 'str' and 'str'

2025-04-11 13:29:13,596 | Transcript Builder | ERROR | Error in Transcript Builder
Error Type: str
Error Message: Processing failed: unsupported operand type(s) for /: 'str' and 'str'
Traceback:
Traceback (most recent call last):
  File "C:\Users\digit\CascadeProjects\self-cast-studio-app-1\transcript_builder.py", line 193, in main
    chunks = process_vtt_mode(str(mp4_path), str(vtt_path), str(output_dir), args.category, str(m4a_path) if m4a_path else None)
  File "C:\Users\digit\CascadeProjects\self-cast-studio-app-1\transcript_builder.py", line 52, in process_vtt_mode
    parser = VTTParser(vtt_path, output_dir)
  File "C:\Users\digit\CascadeProjects\self-cast-studio-app-1\utils\vtt_parser.py", line 22, in __init__
    self.error_handler = ErrorHandler(output_dir)
  File "C:\Users\digit\CascadeProjects\self-cast-studio-app-1\utils\error_handler.py", line 27, in __init__
    self.log_file = output_dir / "errors.log"
TypeError: unsupported operand type(s) for /: 'str' and 'str'

2025-04-11 13:29:13,609 | workflow_logger | ERROR | Failed to log error to workflow_logs: Client.__init__() got an unexpected keyword argument 'proxy'
2025-04-11 13:29:13,609 | workflow_logger | ERROR | Failed to log error to workflow_logs: Client.__init__() got an unexpected keyword argument 'proxy'
2025-04-11 13:29:47,566 | Transcript Builder | ERROR | Error in Transcript Builder
Error Type: str
Error Message: VTT processing failed: No Speaker 2 segments found in VTT file
Traceback:
Traceback (most recent call last):
  File "C:\Users\digit\CascadeProjects\self-cast-studio-app-1\transcript_builder.py", line 56, in process_vtt_mode
    raise ValueError("No Speaker 2 segments found in VTT file")
ValueError: No Speaker 2 segments found in VTT file

2025-04-11 13:29:47,580 | workflow_logger | ERROR | Failed to log error to workflow_logs: Client.__init__() got an unexpected keyword argument 'proxy'
2025-04-11 13:29:47,583 | Transcript Builder | ERROR | Error in Transcript Builder
Error Type: str
Error Message: Processing failed: No Speaker 2 segments found in VTT file
Traceback:
Traceback (most recent call last):
  File "C:\Users\digit\CascadeProjects\self-cast-studio-app-1\transcript_builder.py", line 193, in main
    chunks = process_vtt_mode(str(mp4_path), str(vtt_path), str(output_dir), args.category, str(m4a_path) if m4a_path else None)
  File "C:\Users\digit\CascadeProjects\self-cast-studio-app-1\transcript_builder.py", line 56, in process_vtt_mode
    raise ValueError("No Speaker 2 segments found in VTT file")
ValueError: No Speaker 2 segments found in VTT file

2025-04-11 13:29:47,583 | Transcript Builder | ERROR | Error in Transcript Builder
Error Type: str
Error Message: Processing failed: No Speaker 2 segments found in VTT file
Traceback:
Traceback (most recent call last):
  File "C:\Users\digit\CascadeProjects\self-cast-studio-app-1\transcript_builder.py", line 193, in main
    chunks = process_vtt_mode(str(mp4_path), str(vtt_path), str(output_dir), args.category, str(m4a_path) if m4a_path else None)
  File "C:\Users\digit\CascadeProjects\self-cast-studio-app-1\transcript_builder.py", line 56, in process_vtt_mode
    raise ValueError("No Speaker 2 segments found in VTT file")
ValueError: No Speaker 2 segments found in VTT file

2025-04-11 13:29:47,596 | workflow_logger | ERROR | Failed to log error to workflow_logs: Client.__init__() got an unexpected keyword argument 'proxy'
2025-04-11 13:29:47,596 | workflow_logger | ERROR | Failed to log error to workflow_logs: Client.__init__() got an unexpected keyword argument 'proxy'
2025-04-11 13:30:36,359 | Transcript Builder | ERROR | Error in Transcript Builder
Error Type: str
Error Message: VTT processing failed: 'FileWriter' object has no attribute 'write_chunks'
Traceback:
Traceback (most recent call last):
  File "C:\Users\digit\CascadeProjects\self-cast-studio-app-1\transcript_builder.py", line 87, in process_vtt_mode
    file_writer.write_chunks(processed_chunks)
AttributeError: 'FileWriter' object has no attribute 'write_chunks'

2025-04-11 13:30:36,374 | workflow_logger | ERROR | Failed to log error to workflow_logs: Client.__init__() got an unexpected keyword argument 'proxy'
2025-04-11 13:30:36,377 | Transcript Builder | ERROR | Error in Transcript Builder
Error Type: str
Error Message: Processing failed: 'FileWriter' object has no attribute 'write_chunks'
Traceback:
Traceback (most recent call last):
  File "C:\Users\digit\CascadeProjects\self-cast-studio-app-1\transcript_builder.py", line 193, in main
    chunks = process_vtt_mode(str(mp4_path), str(vtt_path), str(output_dir), args.category, str(m4a_path) if m4a_path else None)
  File "C:\Users\digit\CascadeProjects\self-cast-studio-app-1\transcript_builder.py", line 87, in process_vtt_mode
    file_writer.write_chunks(processed_chunks)
AttributeError: 'FileWriter' object has no attribute 'write_chunks'

2025-04-11 13:30:36,377 | Transcript Builder | ERROR | Error in Transcript Builder
Error Type: str
Error Message: Processing failed: 'FileWriter' object has no attribute 'write_chunks'
Traceback:
Traceback (most recent call last):
  File "C:\Users\digit\CascadeProjects\self-cast-studio-app-1\transcript_builder.py", line 193, in main
    chunks = process_vtt_mode(str(mp4_path), str(vtt_path), str(output_dir), args.category, str(m4a_path) if m4a_path else None)
  File "C:\Users\digit\CascadeProjects\self-cast-studio-app-1\transcript_builder.py", line 87, in process_vtt_mode
    file_writer.write_chunks(processed_chunks)
AttributeError: 'FileWriter' object has no attribute 'write_chunks'

2025-04-11 13:30:36,392 | workflow_logger | ERROR | Failed to log error to workflow_logs: Client.__init__() got an unexpected keyword argument 'proxy'
2025-04-11 13:30:36,392 | workflow_logger | ERROR | Failed to log error to workflow_logs: Client.__init__() got an unexpected keyword argument 'proxy'
2025-04-11 13:48:22,609 | Transcript Builder | ERROR | Error in Transcript Builder
Error Type: str
Error Message: VTT processing failed: 'path'
Traceback:
Traceback (most recent call last):
  File "C:\Users\digit\CascadeProjects\self-cast-studio-app-1\transcript_builder.py", line 79, in process_vtt_mode
    chunk['audio_path'] = audio['path']
KeyError: 'path'

2025-04-11 13:48:22,634 | workflow_logger | ERROR | Failed to log error to workflow_logs: Client.__init__() got an unexpected keyword argument 'proxy'
2025-04-11 13:48:22,639 | Transcript Builder | ERROR | Error in Transcript Builder
Error Type: str
Error Message: Processing failed: 'path'
Traceback:
Traceback (most recent call last):
  File "C:\Users\digit\CascadeProjects\self-cast-studio-app-1\transcript_builder.py", line 195, in main
    chunks = process_vtt_mode(str(mp4_path), str(vtt_path), str(output_dir), args.category, str(m4a_path) if m4a_path else None)
  File "C:\Users\digit\CascadeProjects\self-cast-studio-app-1\transcript_builder.py", line 79, in process_vtt_mode
    chunk['audio_path'] = audio['path']
KeyError: 'path'

2025-04-11 13:48:22,639 | Transcript Builder | ERROR | Error in Transcript Builder
Error Type: str
Error Message: Processing failed: 'path'
Traceback:
Traceback (most recent call last):
  File "C:\Users\digit\CascadeProjects\self-cast-studio-app-1\transcript_builder.py", line 195, in main
    chunks = process_vtt_mode(str(mp4_path), str(vtt_path), str(output_dir), args.category, str(m4a_path) if m4a_path else None)
  File "C:\Users\digit\CascadeProjects\self-cast-studio-app-1\transcript_builder.py", line 79, in process_vtt_mode
    chunk['audio_path'] = audio['path']
KeyError: 'path'

2025-04-11 13:48:22,664 | workflow_logger | ERROR | Failed to log error to workflow_logs: Client.__init__() got an unexpected keyword argument 'proxy'
2025-04-11 13:48:22,664 | workflow_logger | ERROR | Failed to log error to workflow_logs: Client.__init__() got an unexpected keyword argument 'proxy'
2025-04-11 13:49:32,344 | Transcript Builder | ERROR | Error in Transcript Builder
Error Type: str
Error Message: VTT processing failed: 'EmbeddingGenerator' object has no attribute 'generate'
Traceback:
Traceback (most recent call last):
  File "C:\Users\digit\CascadeProjects\self-cast-studio-app-1\transcript_builder.py", line 85, in process_vtt_mode
    chunk['embedding'] = embedding_gen.generate(chunk['text'])
AttributeError: 'EmbeddingGenerator' object has no attribute 'generate'

2025-04-11 13:49:32,369 | workflow_logger | ERROR | Failed to log error to workflow_logs: Client.__init__() got an unexpected keyword argument 'proxy'
2025-04-11 13:49:32,374 | Transcript Builder | ERROR | Error in Transcript Builder
Error Type: str
Error Message: Processing failed: 'EmbeddingGenerator' object has no attribute 'generate'
Traceback:
Traceback (most recent call last):
  File "C:\Users\digit\CascadeProjects\self-cast-studio-app-1\transcript_builder.py", line 195, in main
    chunks = process_vtt_mode(str(mp4_path), str(vtt_path), str(output_dir), args.category, str(m4a_path) if m4a_path else None)
  File "C:\Users\digit\CascadeProjects\self-cast-studio-app-1\transcript_builder.py", line 85, in process_vtt_mode
    chunk['embedding'] = embedding_gen.generate(chunk['text'])
AttributeError: 'EmbeddingGenerator' object has no attribute 'generate'

2025-04-11 13:49:32,374 | Transcript Builder | ERROR | Error in Transcript Builder
Error Type: str
Error Message: Processing failed: 'EmbeddingGenerator' object has no attribute 'generate'
Traceback:
Traceback (most recent call last):
  File "C:\Users\digit\CascadeProjects\self-cast-studio-app-1\transcript_builder.py", line 195, in main
    chunks = process_vtt_mode(str(mp4_path), str(vtt_path), str(output_dir), args.category, str(m4a_path) if m4a_path else None)
  File "C:\Users\digit\CascadeProjects\self-cast-studio-app-1\transcript_builder.py", line 85, in process_vtt_mode
    chunk['embedding'] = embedding_gen.generate(chunk['text'])
AttributeError: 'EmbeddingGenerator' object has no attribute 'generate'

2025-04-11 13:49:32,399 | workflow_logger | ERROR | Failed to log error to workflow_logs: Client.__init__() got an unexpected keyword argument 'proxy'
2025-04-11 13:49:32,399 | workflow_logger | ERROR | Failed to log error to workflow_logs: Client.__init__() got an unexpected keyword argument 'proxy'
2025-04-11 14:07:08,016 | Transcript Builder | ERROR | Error in Transcript Builder
Error Type: str
Error Message: VTT processing failed: 'TranscriptSegment' object is not subscriptable
Traceback:
Traceback (most recent call last):
  File "C:\Users\digit\CascadeProjects\self-cast-studio-app-1\transcript_builder.py", line 60, in process_vtt_mode
    segments = [s for s in segments if s['start'] < twelve_minutes]
  File "C:\Users\digit\CascadeProjects\self-cast-studio-app-1\transcript_builder.py", line 60, in <listcomp>
    segments = [s for s in segments if s['start'] < twelve_minutes]
TypeError: 'TranscriptSegment' object is not subscriptable

2025-04-11 14:07:08,030 | workflow_logger | ERROR | Failed to log error to workflow_logs: Client.__init__() got an unexpected keyword argument 'proxy'
2025-04-11 14:07:08,031 | Transcript Builder | ERROR | Error in Transcript Builder
Error Type: str
Error Message: Processing failed: 'TranscriptSegment' object is not subscriptable
Traceback:
Traceback (most recent call last):
  File "C:\Users\digit\CascadeProjects\self-cast-studio-app-1\transcript_builder.py", line 195, in main
    chunks = process_vtt_mode(str(mp4_path), str(vtt_path), str(output_dir), args.category, str(m4a_path) if m4a_path else None)
  File "C:\Users\digit\CascadeProjects\self-cast-studio-app-1\transcript_builder.py", line 60, in process_vtt_mode
    segments = [s for s in segments if s['start'] < twelve_minutes]
  File "C:\Users\digit\CascadeProjects\self-cast-studio-app-1\transcript_builder.py", line 60, in <listcomp>
    segments = [s for s in segments if s['start'] < twelve_minutes]
TypeError: 'TranscriptSegment' object is not subscriptable

2025-04-11 14:07:08,031 | Transcript Builder | ERROR | Error in Transcript Builder
Error Type: str
Error Message: Processing failed: 'TranscriptSegment' object is not subscriptable
Traceback:
Traceback (most recent call last):
  File "C:\Users\digit\CascadeProjects\self-cast-studio-app-1\transcript_builder.py", line 195, in main
    chunks = process_vtt_mode(str(mp4_path), str(vtt_path), str(output_dir), args.category, str(m4a_path) if m4a_path else None)
  File "C:\Users\digit\CascadeProjects\self-cast-studio-app-1\transcript_builder.py", line 60, in process_vtt_mode
    segments = [s for s in segments if s['start'] < twelve_minutes]
  File "C:\Users\digit\CascadeProjects\self-cast-studio-app-1\transcript_builder.py", line 60, in <listcomp>
    segments = [s for s in segments if s['start'] < twelve_minutes]
TypeError: 'TranscriptSegment' object is not subscriptable

2025-04-11 14:07:08,044 | workflow_logger | ERROR | Failed to log error to workflow_logs: Client.__init__() got an unexpected keyword argument 'proxy'
2025-04-11 14:07:08,044 | workflow_logger | ERROR | Failed to log error to workflow_logs: Client.__init__() got an unexpected keyword argument 'proxy'
